Using pre-set license
Built from '2020.3/staging' branch; Version is '2020.3.28f1 (f5400f52e03f) revision 16072719'; Using compiler version '192528614'; Build Type 'Release'
OS: 'Windows 10  (10.0.19044) 64bit Professional' Language: 'ru' Physical Memory: 3996 MB
BatchMode: 1, IsHumanControllingUs: 0, StartBugReporterOnCrash: 0, Is64bit: 1, IsPro: 0

COMMAND LINE ARGUMENTS:
C:\Program Files\Unity\Hub\Editor\2020.3.28f1\Editor\Unity.exe
-adb2
-batchMode
-noUpm
-name
AssetImportWorker24
-projectPath
C:/Users/UltraUser/Программирование/MaiLabs/6 semestr/Unity/lab2
-logFile
Logs/AssetImportWorker24.log
-srvPort
51935
Successfully changed project path to: C:/Users/UltraUser/Программирование/MaiLabs/6 semestr/Unity/lab2
C:/Users/UltraUser/Программирование/MaiLabs/6 semestr/Unity/lab2
Using Asset Import Pipeline V2.
