Using pre-set license
Built from '2020.3/staging' branch; Version is '2020.3.28f1 (f5400f52e03f) revision 16072719'; Using compiler version '192528614'; Build Type 'Release'
OS: 'Windows 10  (10.0.19044) 64bit Professional' Language: 'ru' Physical Memory: 3996 MB
BatchMode: 1, IsHumanControllingUs: 0, StartBugReporterOnCrash: 0, Is64bit: 1, IsPro: 0

COMMAND LINE ARGUMENTS:
C:\Program Files\Unity\Hub\Editor\2020.3.28f1\Editor\Unity.exe
-adb2
-batchMode
-noUpm
-name
AssetImportWorker21
-projectPath
C:/Users/UltraUser/Программирование/MaiLabs/6 semestr/Unity/lab2
-logFile
Logs/AssetImportWorker21.log
-srvPort
51935
Successfully changed project path to: C:/Users/UltraUser/Программирование/MaiLabs/6 semestr/Unity/lab2
C:/Users/UltraUser/Программирование/MaiLabs/6 semestr/Unity/lab2
Using Asset Import Pipeline V2.
Refreshing native plugins compatible for Editor in 111.94 ms, found 3 plugins.
Preloading 0 native plugins for Editor in 0.00 ms.
Initialize engine version: 2020.3.28f1 (f5400f52e03f)
[Subsystems] Discovering subsystems at path C:/Program Files/Unity/Hub/Editor/2020.3.28f1/Editor/Data/Resources/UnitySubsystems
[Subsystems] Discovering subsystems at path C:/Users/UltraUser/Программирование/MaiLabs/6 semestr/Unity/lab2/Assets
GfxDevice: creating device client; threaded=0
